<?xml version="1.0" encoding="UTF-8"?>
<testsuite name="com.docker.demo.persistence.TimeMapperTest" tests="2" skipped="0" failures="0" errors="0" timestamp="2021-08-20T08:31:18" hostname="DESKTOP-RDKKMFR" time="0.02">
  <properties/>
  <testcase name="testGetTime1()" classname="com.docker.demo.persistence.TimeMapperTest" time="0.01"/>
  <testcase name="testGetTime2()" classname="com.docker.demo.persistence.TimeMapperTest" time="0.009"/>
  <system-out><![CDATA[2021-08-20 17:31:18.508  INFO 12232 --- [    Test worker] .b.t.c.SpringBootTestContextBootstrapper : Neither @ContextConfiguration nor @ContextHierarchy found for test class [com.docker.demo.persistence.TimeMapperTest], using SpringBootContextLoader
2021-08-20 17:31:18.509  INFO 12232 --- [    Test worker] o.s.t.c.support.AbstractContextLoader    : Could not detect default resource locations for test class [com.docker.demo.persistence.TimeMapperTest]: no resource found for suffixes {-context.xml, Context.groovy}.
2021-08-20 17:31:18.509  INFO 12232 --- [    Test worker] t.c.s.AnnotationConfigContextLoaderUtils : Could not detect default configuration classes for test class [com.docker.demo.persistence.TimeMapperTest]: TimeMapperTest does not declare any static, non-private, non-final, nested classes annotated with @Configuration.
2021-08-20 17:31:18.511  INFO 12232 --- [    Test worker] .b.t.c.SpringBootTestContextBootstrapper : Found @SpringBootConfiguration com.docker.demo.DemoApplication for test class com.docker.demo.persistence.TimeMapperTest
2021-08-20 17:31:18.513  INFO 12232 --- [    Test worker] .b.t.c.SpringBootTestContextBootstrapper : Loaded default TestExecutionListener class names from location [META-INF/spring.factories]: [org.springframework.boot.test.autoconfigure.restdocs.RestDocsTestExecutionListener, org.springframework.boot.test.autoconfigure.web.client.MockRestServiceServerResetTestExecutionListener, org.springframework.boot.test.autoconfigure.web.servlet.MockMvcPrintOnlyOnFailureTestExecutionListener, org.springframework.boot.test.autoconfigure.web.servlet.WebDriverTestExecutionListener, org.springframework.boot.test.autoconfigure.webservices.client.MockWebServiceServerTestExecutionListener, org.springframework.boot.test.mock.mockito.MockitoTestExecutionListener, org.springframework.boot.test.mock.mockito.ResetMocksTestExecutionListener, org.springframework.test.context.web.ServletTestExecutionListener, org.springframework.test.context.support.DirtiesContextBeforeModesTestExecutionListener, org.springframework.test.context.event.ApplicationEventsTestExecutionListener, org.springframework.test.context.support.DependencyInjectionTestExecutionListener, org.springframework.test.context.support.DirtiesContextTestExecutionListener, org.springframework.test.context.transaction.TransactionalTestExecutionListener, org.springframework.test.context.jdbc.SqlScriptsTestExecutionListener, org.springframework.test.context.event.EventPublishingTestExecutionListener]
2021-08-20 17:31:18.514  INFO 12232 --- [    Test worker] .b.t.c.SpringBootTestContextBootstrapper : Using TestExecutionListeners: [org.springframework.test.context.web.ServletTestExecutionListener@13ee1546, org.springframework.test.context.support.DirtiesContextBeforeModesTestExecutionListener@7e652355, org.springframework.test.context.event.ApplicationEventsTestExecutionListener@437b99e5, org.springframework.boot.test.mock.mockito.MockitoTestExecutionListener@2c992eaf, org.springframework.boot.test.autoconfigure.SpringBootDependencyInjectionTestExecutionListener@4f3e4a5f, org.springframework.test.context.support.DirtiesContextTestExecutionListener@1896a766, org.springframework.test.context.transaction.TransactionalTestExecutionListener@73da120, org.springframework.test.context.jdbc.SqlScriptsTestExecutionListener@62341b3e, org.springframework.test.context.event.EventPublishingTestExecutionListener@5f65d995, org.springframework.boot.test.autoconfigure.restdocs.RestDocsTestExecutionListener@7265f888, org.springframework.boot.test.autoconfigure.web.client.MockRestServiceServerResetTestExecutionListener@18bb6345, org.springframework.boot.test.autoconfigure.web.servlet.MockMvcPrintOnlyOnFailureTestExecutionListener@5a147687, org.springframework.boot.test.autoconfigure.web.servlet.WebDriverTestExecutionListener@2b4cb521, org.springframework.boot.test.autoconfigure.webservices.client.MockWebServiceServerTestExecutionListener@76b0a978, org.springframework.boot.test.mock.mockito.ResetMocksTestExecutionListener@35524da0]
2021-08-20 17:31:18.521  INFO 12232 --- [    Test worker] c.d.demo.persistence.TimeMapperTest      : timeMapper class name: com.sun.proxy.$Proxy92
2021-08-20 17:31:18.526  INFO 12232 --- [    Test worker] c.d.demo.persistence.TimeMapperTest      : timeMapper time: 2021-08-20 17:31:18.523752+09
2021-08-20 17:31:18.532  INFO 12232 --- [    Test worker] c.d.demo.persistence.TimeMapperTest      : getTime2
2021-08-20 17:31:18.535  INFO 12232 --- [    Test worker] c.d.demo.persistence.TimeMapperTest      : getTime2: 2021-08-20 17:31:18.534287+09
]]></system-out>
  <system-err><![CDATA[]]></system-err>
</testsuite>
