<?xml version="1.0" encoding="UTF-8"?>
<testsuite name="com.docker.demo.DemoApplicationTests" tests="1" skipped="0" failures="0" errors="0" timestamp="2021-08-20T08:31:17" hostname="DESKTOP-RDKKMFR" time="0.394">
  <properties/>
  <testcase name="contextLoads()" classname="com.docker.demo.DemoApplicationTests" time="0.394"/>
  <system-out><![CDATA[17:31:14.487 [Test worker] DEBUG org.springframework.test.context.BootstrapUtils - Instantiating CacheAwareContextLoaderDelegate from class [org.springframework.test.context.cache.DefaultCacheAwareContextLoaderDelegate]
17:31:14.508 [Test worker] DEBUG org.springframework.test.context.BootstrapUtils - Instantiating BootstrapContext using constructor [public org.springframework.test.context.support.DefaultBootstrapContext(java.lang.Class,org.springframework.test.context.CacheAwareContextLoaderDelegate)]
17:31:14.544 [Test worker] DEBUG org.springframework.test.context.BootstrapUtils - Instantiating TestContextBootstrapper for test class [com.docker.demo.DemoApplicationTests] from class [org.springframework.boot.test.context.SpringBootTestContextBootstrapper]
17:31:14.561 [Test worker] INFO org.springframework.boot.test.context.SpringBootTestContextBootstrapper - Neither @ContextConfiguration nor @ContextHierarchy found for test class [com.docker.demo.DemoApplicationTests], using SpringBootContextLoader
17:31:14.567 [Test worker] DEBUG org.springframework.test.context.support.AbstractContextLoader - Did not detect default resource location for test class [com.docker.demo.DemoApplicationTests]: class path resource [com/docker/demo/DemoApplicationTests-context.xml] does not exist
17:31:14.568 [Test worker] DEBUG org.springframework.test.context.support.AbstractContextLoader - Did not detect default resource location for test class [com.docker.demo.DemoApplicationTests]: class path resource [com/docker/demo/DemoApplicationTestsContext.groovy] does not exist
17:31:14.568 [Test worker] INFO org.springframework.test.context.support.AbstractContextLoader - Could not detect default resource locations for test class [com.docker.demo.DemoApplicationTests]: no resource found for suffixes {-context.xml, Context.groovy}.
17:31:14.569 [Test worker] INFO org.springframework.test.context.support.AnnotationConfigContextLoaderUtils - Could not detect default configuration classes for test class [com.docker.demo.DemoApplicationTests]: DemoApplicationTests does not declare any static, non-private, non-final, nested classes annotated with @Configuration.
17:31:14.617 [Test worker] DEBUG org.springframework.test.context.support.ActiveProfilesUtils - Could not find an 'annotation declaring class' for annotation type [org.springframework.test.context.ActiveProfiles] and class [com.docker.demo.DemoApplicationTests]
17:31:14.702 [Test worker] DEBUG org.springframework.context.annotation.ClassPathScanningCandidateComponentProvider - Identified candidate component class: file [C:\Users\admin\Desktop\공부\docker\demo\build\classes\java\main\com\docker\demo\DemoApplication.class]
17:31:14.704 [Test worker] INFO org.springframework.boot.test.context.SpringBootTestContextBootstrapper - Found @SpringBootConfiguration com.docker.demo.DemoApplication for test class com.docker.demo.DemoApplicationTests
17:31:14.844 [Test worker] DEBUG org.springframework.boot.test.context.SpringBootTestContextBootstrapper - @TestExecutionListeners is not present for class [com.docker.demo.DemoApplicationTests]: using defaults.
17:31:14.844 [Test worker] INFO org.springframework.boot.test.context.SpringBootTestContextBootstrapper - Loaded default TestExecutionListener class names from location [META-INF/spring.factories]: [org.springframework.boot.test.autoconfigure.restdocs.RestDocsTestExecutionListener, org.springframework.boot.test.autoconfigure.web.client.MockRestServiceServerResetTestExecutionListener, org.springframework.boot.test.autoconfigure.web.servlet.MockMvcPrintOnlyOnFailureTestExecutionListener, org.springframework.boot.test.autoconfigure.web.servlet.WebDriverTestExecutionListener, org.springframework.boot.test.autoconfigure.webservices.client.MockWebServiceServerTestExecutionListener, org.springframework.boot.test.mock.mockito.MockitoTestExecutionListener, org.springframework.boot.test.mock.mockito.ResetMocksTestExecutionListener, org.springframework.test.context.web.ServletTestExecutionListener, org.springframework.test.context.support.DirtiesContextBeforeModesTestExecutionListener, org.springframework.test.context.event.ApplicationEventsTestExecutionListener, org.springframework.test.context.support.DependencyInjectionTestExecutionListener, org.springframework.test.context.support.DirtiesContextTestExecutionListener, org.springframework.test.context.transaction.TransactionalTestExecutionListener, org.springframework.test.context.jdbc.SqlScriptsTestExecutionListener, org.springframework.test.context.event.EventPublishingTestExecutionListener]
17:31:14.874 [Test worker] INFO org.springframework.boot.test.context.SpringBootTestContextBootstrapper - Using TestExecutionListeners: [org.springframework.test.context.web.ServletTestExecutionListener@101d54b6, org.springframework.test.context.support.DirtiesContextBeforeModesTestExecutionListener@647cab36, org.springframework.test.context.event.ApplicationEventsTestExecutionListener@75fd9759, org.springframework.boot.test.mock.mockito.MockitoTestExecutionListener@34bea103, org.springframework.boot.test.autoconfigure.SpringBootDependencyInjectionTestExecutionListener@4efcebc6, org.springframework.test.context.support.DirtiesContextTestExecutionListener@4f58dc34, org.springframework.test.context.transaction.TransactionalTestExecutionListener@5606ddd9, org.springframework.test.context.jdbc.SqlScriptsTestExecutionListener@17f1c8a3, org.springframework.test.context.event.EventPublishingTestExecutionListener@3efaa340, org.springframework.boot.test.autoconfigure.restdocs.RestDocsTestExecutionListener@374a61d7, org.springframework.boot.test.autoconfigure.web.client.MockRestServiceServerResetTestExecutionListener@57429af2, org.springframework.boot.test.autoconfigure.web.servlet.MockMvcPrintOnlyOnFailureTestExecutionListener@4eefe469, org.springframework.boot.test.autoconfigure.web.servlet.WebDriverTestExecutionListener@25e4be57, org.springframework.boot.test.autoconfigure.webservices.client.MockWebServiceServerTestExecutionListener@41c427e5, org.springframework.boot.test.mock.mockito.ResetMocksTestExecutionListener@292b025]
17:31:14.878 [Test worker] DEBUG org.springframework.test.context.support.AbstractDirtiesContextTestExecutionListener - Before test class: context [DefaultTestContext@1609fac testClass = DemoApplicationTests, testInstance = [null], testMethod = [null], testException = [null], mergedContextConfiguration = [WebMergedContextConfiguration@1c81dbe9 testClass = DemoApplicationTests, locations = '{}', classes = '{class com.docker.demo.DemoApplication}', contextInitializerClasses = '[]', activeProfiles = '{}', propertySourceLocations = '{}', propertySourceProperties = '{org.springframework.boot.test.context.SpringBootTestContextBootstrapper=true}', contextCustomizers = set[org.springframework.boot.test.autoconfigure.actuate.metrics.MetricsExportContextCustomizerFactory$DisableMetricExportContextCustomizer@623189ae, org.springframework.boot.test.autoconfigure.properties.PropertyMappingContextCustomizer@0, org.springframework.boot.test.autoconfigure.web.servlet.WebDriverContextCustomizerFactory$Customizer@69959463, org.springframework.boot.test.context.filter.ExcludeFilterContextCustomizer@504c685e, org.springframework.boot.test.json.DuplicateJsonObjectContextCustomizerFactory$DuplicateJsonObjectContextCustomizer@186c69a2, org.springframework.boot.test.mock.mockito.MockitoContextCustomizer@0, org.springframework.boot.test.web.client.TestRestTemplateContextCustomizer@44305acf, org.springframework.boot.test.context.SpringBootTestArgs@1, org.springframework.boot.test.context.SpringBootTestWebEnvironment@5c9b758b], resourceBasePath = 'src/main/webapp', contextLoader = 'org.springframework.boot.test.context.SpringBootContextLoader', parent = [null]], attributes = map['org.springframework.test.context.web.ServletTestExecutionListener.activateListener' -> true]], class annotated with @DirtiesContext [false] with mode [null].
17:31:14.919 [Test worker] DEBUG org.springframework.test.context.support.TestPropertySourceUtils - Adding inlined properties to environment: {spring.jmx.enabled=false, org.springframework.boot.test.context.SpringBootTestContextBootstrapper=true}

  .   ____          _            __ _ _
 /\\ / ___'_ __ _ _(_)_ __  __ _ \ \ \ \
( ( )\___ | '_ | '_| | '_ \/ _` | \ \ \ \
 \\/  ___)| |_)| | | | | || (_| |  ) ) ) )
  '  |____| .__|_| |_|_| |_\__, | / / / /
 =========|_|==============|___/=/_/_/_/
 :: Spring Boot ::                (v2.5.3)

2021-08-20 17:31:15.274  INFO 12232 --- [    Test worker] com.docker.demo.DemoApplicationTests     : Starting DemoApplicationTests using Java 11.0.7 on DESKTOP-RDKKMFR with PID 12232 (started by admin in C:\Users\admin\Desktop\공부\docker\demo)
2021-08-20 17:31:15.277  INFO 12232 --- [    Test worker] com.docker.demo.DemoApplicationTests     : No active profile set, falling back to default profiles: default
2021-08-20 17:31:17.678  INFO 12232 --- [    Test worker] com.docker.demo.DemoApplicationTests     : Started DemoApplicationTests in 2.75 seconds (JVM running for 4.486)
]]></system-out>
  <system-err><![CDATA[]]></system-err>
</testsuite>
